<?xml version="1.0" encoding="utf-8" standalone="no"?>
<!--This file represents the results of running a test suite-->
<test-results name="D:\My Documents\code project\5. RaptorDB\RaptorDB\UnitTests\UnitTests.nunit" total="1" errors="0" failures="0" not-run="0" inconclusive="0" ignored="0" skipped="0" invalid="0" date="2011-10-21" time="15:38:17">
  <environment nunit-version="2.5.7.10213" clr-version="2.0.50727.5446" os-version="Microsoft Windows NT 6.1.7601 Service Pack 1" platform="Win32NT" cwd="D:\My Documents\code project\5. RaptorDB\RaptorDB\UnitTests" machine-name="SOLARIS" user="mgholam" user-domain="SOLARIS" />
  <culture-info current-culture="en-US" current-uiculture="en-US" />
  <test-suite type="Project" name="D:\My Documents\code project\5. RaptorDB\RaptorDB\UnitTests\UnitTests.nunit" executed="True" result="Success" success="True" time="1.738" asserts="0">
    <results>
      <test-suite type="Assembly" name="D:\My Documents\code project\5. RaptorDB\RaptorDB\UnitTests\bin\Debug\UnitTests.dll" executed="True" result="Success" success="True" time="1.735" asserts="0">
        <results>
          <test-suite type="Namespace" name="UnitTests" executed="True" result="Success" success="True" time="1.729" asserts="0">
            <results>
              <test-suite type="TestFixture" name="Tests" executed="True" result="Success" success="True" time="1.727" asserts="0">
                <results>
                  <test-case name="UnitTests.Tests.Byte_speed" executed="True" result="Success" success="True" time="1.726" asserts="0" />
                </results>
              </test-suite>
            </results>
          </test-suite>
        </results>
      </test-suite>
    </results>
  </test-suite>
</test-results>